  2DPhysicEngine.cpp
D:\Projects\2DPhysicEngine\2DPhysicEngine.cpp(116,26): warning C4244: инициализация: преобразование "double" в "float", возможна потеря данных
D:\Projects\2DPhysicEngine\2DPhysicEngine.cpp(302,41): warning C4244: =: преобразование "long double" в "float", возможна потеря данных
D:\Projects\2DPhysicEngine\2DPhysicEngine.cpp(535,14): warning C4244: return: преобразование "double" в "float", возможна потеря данных
D:\Projects\2DPhysicEngine\2DPhysicEngine.cpp(599,47): warning C4244: аргумент: преобразование "T" в "T", возможна потеря данных
D:\Projects\2DPhysicEngine\2DPhysicEngine.cpp(599,47): warning C4244:         with
D:\Projects\2DPhysicEngine\2DPhysicEngine.cpp(599,47): warning C4244:         [
D:\Projects\2DPhysicEngine\2DPhysicEngine.cpp(599,47): warning C4244:             T=int
D:\Projects\2DPhysicEngine\2DPhysicEngine.cpp(599,47): warning C4244:         ]
D:\Projects\2DPhysicEngine\2DPhysicEngine.cpp(599,47): warning C4244:         and
D:\Projects\2DPhysicEngine\2DPhysicEngine.cpp(599,47): warning C4244:         [
D:\Projects\2DPhysicEngine\2DPhysicEngine.cpp(599,47): warning C4244:             T=float
D:\Projects\2DPhysicEngine\2DPhysicEngine.cpp(599,47): warning C4244:         ]
D:\Projects\2DPhysicEngine\2DPhysicEngine.cpp(599,34): warning C4244: аргумент: преобразование "T" в "T", возможна потеря данных
D:\Projects\2DPhysicEngine\2DPhysicEngine.cpp(599,34): warning C4244:         with
D:\Projects\2DPhysicEngine\2DPhysicEngine.cpp(599,34): warning C4244:         [
D:\Projects\2DPhysicEngine\2DPhysicEngine.cpp(599,34): warning C4244:             T=int
D:\Projects\2DPhysicEngine\2DPhysicEngine.cpp(599,34): warning C4244:         ]
D:\Projects\2DPhysicEngine\2DPhysicEngine.cpp(599,34): warning C4244:         and
D:\Projects\2DPhysicEngine\2DPhysicEngine.cpp(599,34): warning C4244:         [
D:\Projects\2DPhysicEngine\2DPhysicEngine.cpp(599,34): warning C4244:             T=float
D:\Projects\2DPhysicEngine\2DPhysicEngine.cpp(599,34): warning C4244:         ]
D:\Projects\2DPhysicEngine\2DPhysicEngine.cpp(605,68): warning C4244: аргумент: преобразование "T" в "float", возможна потеря данных
D:\Projects\2DPhysicEngine\2DPhysicEngine.cpp(605,68): warning C4244:         with
D:\Projects\2DPhysicEngine\2DPhysicEngine.cpp(605,68): warning C4244:         [
D:\Projects\2DPhysicEngine\2DPhysicEngine.cpp(605,68): warning C4244:             T=unsigned int
D:\Projects\2DPhysicEngine\2DPhysicEngine.cpp(605,68): warning C4244:         ]
D:\Projects\2DPhysicEngine\2DPhysicEngine.cpp(605,47): warning C4244: аргумент: преобразование "T" в "T", возможна потеря данных
D:\Projects\2DPhysicEngine\2DPhysicEngine.cpp(605,47): warning C4244:         with
D:\Projects\2DPhysicEngine\2DPhysicEngine.cpp(605,47): warning C4244:         [
D:\Projects\2DPhysicEngine\2DPhysicEngine.cpp(605,47): warning C4244:             T=int
D:\Projects\2DPhysicEngine\2DPhysicEngine.cpp(605,47): warning C4244:         ]
D:\Projects\2DPhysicEngine\2DPhysicEngine.cpp(605,47): warning C4244:         and
D:\Projects\2DPhysicEngine\2DPhysicEngine.cpp(605,47): warning C4244:         [
D:\Projects\2DPhysicEngine\2DPhysicEngine.cpp(605,47): warning C4244:             T=float
D:\Projects\2DPhysicEngine\2DPhysicEngine.cpp(605,47): warning C4244:         ]
D:\Projects\2DPhysicEngine\2DPhysicEngine.cpp(605,34): warning C4244: аргумент: преобразование "T" в "T", возможна потеря данных
D:\Projects\2DPhysicEngine\2DPhysicEngine.cpp(605,34): warning C4244:         with
D:\Projects\2DPhysicEngine\2DPhysicEngine.cpp(605,34): warning C4244:         [
D:\Projects\2DPhysicEngine\2DPhysicEngine.cpp(605,34): warning C4244:             T=int
D:\Projects\2DPhysicEngine\2DPhysicEngine.cpp(605,34): warning C4244:         ]
D:\Projects\2DPhysicEngine\2DPhysicEngine.cpp(605,34): warning C4244:         and
D:\Projects\2DPhysicEngine\2DPhysicEngine.cpp(605,34): warning C4244:         [
D:\Projects\2DPhysicEngine\2DPhysicEngine.cpp(605,34): warning C4244:             T=float
D:\Projects\2DPhysicEngine\2DPhysicEngine.cpp(605,34): warning C4244:         ]
  2DPhysicEngine.vcxproj -> D:\Projects\2DPhysicEngine\x64\Debug\2DPhysicEngine.exe
